#
# A fatal error has been detected by the Java Runtime Environment:
#
#  EXCEPTION_ACCESS_VIOLATION (0xc0000005) at pc=0x00007ffa282d2487, pid=82952, tid=0x0000000000013ecc
#
# JRE version: Java(TM) SE Runtime Environment (8.0_281-b09) (build 1.8.0_281-b09)
# Java VM: Java HotSpot(TM) 64-Bit Server VM (25.281-b09 mixed mode windows-amd64 compressed oops)
# Problematic frame:
# C  [ucrtbased.dll+0xc2487]
#
# Failed to write core dump. Minidumps are not enabled by default on client versions of Windows
#
# If you would like to submit a bug report, please visit:
#   http://bugreport.java.com/bugreport/crash.jsp
# The crash happened outside the Java Virtual Machine in native code.
# See problematic frame for where to report the bug.
#

---------------  T H R E A D  ---------------

Current thread (0x00000144ae7e3800):  JavaThread "main" [_thread_in_native, id=81612, stack(0x0000000559000000,0x0000000559100000)]

siginfo: ExceptionCode=0xc0000005, reading address 0x0000000000000079

Registers:
RAX=0x0000000000000079, RBX=0x00000144c8c82aa0, RCX=0x0000000000000079, RDX=0x0000000000000080
RSP=0x00000005590fe160, RBP=0x00000005590fe1e0, RSI=0x00000144c8c82818, RDI=0x00000005590fec68
R8 =0x0000000000000000, R9 =0x0000000000000000, R10=0x0000000000000001, R11=0x00000144cb054c20
R12=0x0000000000000000, R13=0x00000144c8c82a98, R14=0x00000005590ff0e0, R15=0x00000144ae7e3800
RIP=0x00007ffa282d2487, EFLAGS=0x0000000000010246

Top of Stack: (sp=0x00000005590fe160)
0x00000005590fe160:   0000000000000079 0000000000000080
0x00000005590fe170:   00000fff283c3c78 00000144cb069748
0x00000005590fe180:   0000000000000079 0000000000000080
0x00000005590fe190:   00000144cb054c21 00007ffa282d2ba0
0x00000005590fe1a0:   0000000000000079 0000000000000007
0x00000005590fe1b0:   00007ffa283c3c64 00007ffa283c3c78
0x00000005590fe1c0:   00007ffa78e300f8 0000000000000127
0x00000005590fe1d0:   00007ffa7638dbc0 00007ffa7638dbc0
0x00000005590fe1e0:   000000ff78e30101 00007ffa00000001
0x00000005590fe1f0:   000001440000000d 00007ffa7638dbdb
0x00000005590fe200:   0000000000000007 0000000000000019
0x00000005590fe210:   0000000000000007 0000000000000007
0x00000005590fe220:   0000000000000007 00007ffa28265813
0x00000005590fe230:   0000000000000079 0000000000000000
0x00000005590fe240:   000000007fffffe0 00007ffa2828a7da
0x00000005590fe250:   00000005590fe278 00007ffa283c3c78 

Instructions: (pc=0x00007ffa282d2487)
0x00007ffa282d2467:   48 89 44 24 20 48 8b 54 24 28 48 8b 4c 24 20 e8
0x00007ffa282d2477:   85 11 00 00 0f b6 c0 85 c0 75 0e 48 8b 44 24 20
0x00007ffa282d2487:   0f b6 00 85 c0 74 02 eb cf 48 8b 44 24 40 48 8b
0x00007ffa282d2497:   4c 24 20 48 2b c8 48 8b c1 48 83 c4 38 c3 cc cc 


Register to memory mapping:

RAX=0x0000000000000079 is an unknown value
RBX={method} {0x00000144c8c82aa8} 'say' '(Ljava/lang/String;)V' in 'com/test/pa/TestNative'
RCX=0x0000000000000079 is an unknown value
RDX=0x0000000000000080 is an unknown value
RSP=0x00000005590fe160 is pointing into the stack for thread: 0x00000144ae7e3800
RBP=0x00000005590fe1e0 is pointing into the stack for thread: 0x00000144ae7e3800
RSI=0x00000144c8c82818 is pointing into metadata
RDI=0x00000005590fec68 is pointing into the stack for thread: 0x00000144ae7e3800
R8 =0x0000000000000000 is an unknown value
R9 =0x0000000000000000 is an unknown value
R10=0x0000000000000001 is an unknown value
R11=0x00000144cb054c20 is an unknown value
R12=0x0000000000000000 is an unknown value
R13=0x00000144c8c82a98 is pointing into metadata
R14=0x00000005590ff0e0 is pointing into the stack for thread: 0x00000144ae7e3800
R15=0x00000144ae7e3800 is a thread


Stack: [0x0000000559000000,0x0000000559100000],  sp=0x00000005590fe160,  free space=1016k
Native frames: (J=compiled Java code, j=interpreted, Vv=VM code, C=native code)
C  [ucrtbased.dll+0xc2487]
C  [ucrtbased.dll+0xc2ba0]
C  [ucrtbased.dll+0xc2316]
C  [ucrtbased.dll+0xc37fd]
C  [ucrtbased.dll+0xad338]
C  [ucrtbased.dll+0xacd52]
C  [ucrtbased.dll+0xa14d2]
C  [ucrtbased.dll+0x99a87]
C  [ucrtbased.dll+0x97ebd]
C  [ucrtbased.dll+0x8e8d5]
C  [ucrtbased.dll+0x8e94b]
C  [ucrtbased.dll+0x8f437]
C  [ucrtbased.dll+0xb1b6b]
C  [ConsoleApplication5.dll+0x11ab4]  _vfprintf_l+0x74
C  [ConsoleApplication5.dll+0x11bd2]  printf+0x82
C  [ConsoleApplication5.dll+0x11952]  Java_com_test_pa_TestNative_say+0xb2
C  0x00000144b0079f4e

Java frames: (J=compiled Java code, j=interpreted, Vv=VM code)
j  com.test.pa.TestNative.say(Ljava/lang/String;)V+0
j  com.test.pa.TestNative.main([Ljava/lang/String;)V+16
v  ~StubRoutines::call_stub

---------------  P R O C E S S  ---------------

Java Threads: ( => current thread )
  0x00000144cae6a800 JavaThread "Service Thread" daemon [_thread_blocked, id=17180, stack(0x000000055a000000,0x000000055a100000)]
  0x00000144cae01000 JavaThread "C1 CompilerThread2" daemon [_thread_blocked, id=81320, stack(0x0000000559f00000,0x000000055a000000)]
  0x00000144cadff000 JavaThread "C2 CompilerThread1" daemon [_thread_blocked, id=81708, stack(0x0000000559e00000,0x0000000559f00000)]
  0x00000144cadfb800 JavaThread "C2 CompilerThread0" daemon [_thread_blocked, id=85732, stack(0x0000000559d00000,0x0000000559e00000)]
  0x00000144cadf3000 JavaThread "Monitor Ctrl-Break" daemon [_thread_in_native, id=79904, stack(0x0000000559c00000,0x0000000559d00000)]
  0x00000144c932d000 JavaThread "Attach Listener" daemon [_thread_blocked, id=79804, stack(0x0000000559b00000,0x0000000559c00000)]
  0x00000144c932c000 JavaThread "Signal Dispatcher" daemon [_thread_blocked, id=45884, stack(0x0000000559a00000,0x0000000559b00000)]
  0x00000144c92a5000 JavaThread "Finalizer" daemon [_thread_blocked, id=86480, stack(0x0000000559900000,0x0000000559a00000)]
  0x00000144c929d800 JavaThread "Reference Handler" daemon [_thread_blocked, id=30960, stack(0x0000000559800000,0x0000000559900000)]
=>0x00000144ae7e3800 JavaThread "main" [_thread_in_native, id=81612, stack(0x0000000559000000,0x0000000559100000)]

Other Threads:
  0x00000144c9275800 VMThread [stack: 0x0000000559700000,0x0000000559800000] [id=32732]
  0x00000144cae6d800 WatcherThread [stack: 0x000000055a100000,0x000000055a200000] [id=80376]

VM state:not at safepoint (normal execution)

VM Mutex/Monitor currently owned by a thread: None

heap address: 0x00000006c2400000, size: 4060 MB, Compressed Oops mode: Zero based, Oop shift amount: 3
Narrow klass base: 0x0000000000000000, Narrow klass shift: 3
Compressed class space size: 1073741824 Address: 0x00000007c0000000

Heap:
 PSYoungGen      total 75776K, used 7618K [0x000000076b700000, 0x0000000770b80000, 0x00000007c0000000)
  eden space 65024K, 11% used [0x000000076b700000,0x000000076be70988,0x000000076f680000)
  from space 10752K, 0% used [0x0000000770100000,0x0000000770100000,0x0000000770b80000)
  to   space 10752K, 0% used [0x000000076f680000,0x000000076f680000,0x0000000770100000)
 ParOldGen       total 173568K, used 0K [0x00000006c2400000, 0x00000006ccd80000, 0x000000076b700000)
  object space 173568K, 0% used [0x00000006c2400000,0x00000006c2400000,0x00000006ccd80000)
 Metaspace       used 3357K, capacity 4496K, committed 4864K, reserved 1056768K
  class space    used 365K, capacity 388K, committed 512K, reserved 1048576K

Card table byte_map: [0x00000144bf420000,0x00000144bfc10000] byte_map_base: 0x00000144bbe0e000

Marking Bits: (ParMarkBitMap*) 0x0000000061516ff0
 Begin Bits: [0x00000144c0160000, 0x00000144c40d0000)
 End Bits:   [0x00000144c40d0000, 0x00000144c8040000)

Polling page: 0x00000144ae780000

CodeCache: size=245760Kb used=1131Kb max_used=1142Kb free=244628Kb
 bounds [0x00000144b0060000, 0x00000144b02d0000, 0x00000144bf060000]
 total_blobs=293 nmethods=32 adapters=174
 compilation: enabled

Compilation events (10 events):
Event: 0.221 Thread 0x00000144cadff000 nmethod 28 0x00000144b0179690 code [0x00000144b01797e0, 0x00000144b01798d8]
Event: 0.221 Thread 0x00000144cadff000   30       4       java.lang.String::indexOf (70 bytes)
Event: 0.221 Thread 0x00000144cadfb800 nmethod 22 0x00000144b0178d10 code [0x00000144b0178e60, 0x00000144b01793e8]
Event: 0.221 Thread 0x00000144cadfb800   23       4       java.io.WinNTFileSystem::isSlash (18 bytes)
Event: 0.221 Thread 0x00000144cadfb800 nmethod 23 0x00000144b0178b10 code [0x00000144b0178c40, 0x00000144b0178cb8]
Event: 0.221 Thread 0x00000144cadfb800   31       4       java.lang.CharacterData::of (120 bytes)
Event: 0.221 Thread 0x00000144cadfb800 nmethod 31 0x00000144b017ef10 code [0x00000144b017f040, 0x00000144b017f0b8]
Event: 0.221 Thread 0x00000144cadfb800   32       4       java.lang.CharacterDataLatin1::getProperties (11 bytes)
Event: 0.222 Thread 0x00000144cadfb800 nmethod 32 0x00000144b017ecd0 code [0x00000144b017ee00, 0x00000144b017ee98]
Event: 0.222 Thread 0x00000144cadff000 nmethod 30 0x00000144b017a890 code [0x00000144b017a9e0, 0x00000144b017abd8]

GC Heap History (0 events):
No events

Deoptimization events (0 events):
No events

Classes redefined (0 events):
No events

Internal exceptions (2 events):
Event: 0.032 Thread 0x00000144ae7e3800 Exception <a 'java/lang/NoSuchMethodError': Method sun.misc.Unsafe.defineClass(Ljava/lang/String;[BII)Ljava/lang/Class; name or signature does not match> (0x000000076b707cc0) thrown at [C:\jenkins\workspace\8-2-build-windows-amd64-cygwin\jdk8u281\880\hots
Event: 0.032 Thread 0x00000144ae7e3800 Exception <a 'java/lang/NoSuchMethodError': Method sun.misc.Unsafe.prefetchRead(Ljava/lang/Object;J)V name or signature does not match> (0x000000076b707fa8) thrown at [C:\jenkins\workspace\8-2-build-windows-amd64-cygwin\jdk8u281\880\hotspot\src\share\vm\p

Events (10 events):
Event: 0.221 loading class java/util/ArrayList$Itr
Event: 0.221 loading class java/util/ArrayList$Itr done
Event: 0.221 loading class sun/net/NetHooks
Event: 0.221 loading class sun/net/NetHooks done
Event: 0.221 loading class java/net/Socket$2
Event: 0.222 loading class java/net/Socket$2 done
Event: 0.222 loading class java/net/SocketInputStream
Event: 0.222 loading class java/net/SocketInputStream done
Event: 0.222 loading class sun/nio/cs/US_ASCII$Decoder
Event: 0.222 loading class sun/nio/cs/US_ASCII$Decoder done


Dynamic libraries:
0x00007ff7e1610000 - 0x00007ff7e1657000 	D:\soft\Java\jdk1.8.0_281\bin\java.exe
0x00007ffa78d00000 - 0x00007ffa78f07000 	C:\WINDOWS\SYSTEM32\ntdll.dll
0x00007ffa78330000 - 0x00007ffa783ed000 	C:\WINDOWS\System32\KERNEL32.DLL
0x00007ffa76340000 - 0x00007ffa766b4000 	C:\WINDOWS\System32\KERNELBASE.dll
0x00007ffa774f0000 - 0x00007ffa7759c000 	C:\WINDOWS\System32\ADVAPI32.dll
0x00007ffa783f0000 - 0x00007ffa78493000 	C:\WINDOWS\System32\msvcrt.dll
0x00007ffa76ba0000 - 0x00007ffa76c3d000 	C:\WINDOWS\System32\sechost.dll
0x00007ffa78680000 - 0x00007ffa787a1000 	C:\WINDOWS\System32\RPCRT4.dll
0x00007ffa78100000 - 0x00007ffa782ac000 	C:\WINDOWS\System32\USER32.dll
0x00007ffa761f0000 - 0x00007ffa76216000 	C:\WINDOWS\System32\win32u.dll
0x00007ffa78c80000 - 0x00007ffa78ca9000 	C:\WINDOWS\System32\GDI32.dll
0x00007ffa76a80000 - 0x00007ffa76b92000 	C:\WINDOWS\System32\gdi32full.dll
0x00007ffa76220000 - 0x00007ffa762bd000 	C:\WINDOWS\System32\msvcp_win.dll
0x00007ffa76960000 - 0x00007ffa76a71000 	C:\WINDOWS\System32\ucrtbase.dll
0x00007ffa62330000 - 0x00007ffa625d5000 	C:\WINDOWS\WinSxS\amd64_microsoft.windows.common-controls_6595b64144ccf1df_6.0.22000.51_none_25c0e06ad7789dba\COMCTL32.dll
0x00007ffa78040000 - 0x00007ffa78071000 	C:\WINDOWS\System32\IMM32.DLL
0x00007ffa72140000 - 0x00007ffa72155000 	D:\soft\Java\jdk1.8.0_281\jre\bin\vcruntime140.dll
0x00007ffa5ff40000 - 0x00007ffa5ffdb000 	D:\soft\Java\jdk1.8.0_281\jre\bin\msvcp140.dll
0x0000000060d30000 - 0x000000006158f000 	D:\soft\Java\jdk1.8.0_281\jre\bin\server\jvm.dll
0x00007ffa76e00000 - 0x00007ffa76e08000 	C:\WINDOWS\System32\PSAPI.DLL
0x00007ffa63530000 - 0x00007ffa63539000 	C:\WINDOWS\SYSTEM32\WSOCK32.dll
0x00007ffa66a90000 - 0x00007ffa66ac3000 	C:\WINDOWS\SYSTEM32\WINMM.dll
0x00007ffa77690000 - 0x00007ffa776ff000 	C:\WINDOWS\System32\WS2_32.dll
0x00007ffa6dc60000 - 0x00007ffa6dc6a000 	C:\WINDOWS\SYSTEM32\VERSION.dll
0x00007ffa75320000 - 0x00007ffa75337000 	C:\WINDOWS\SYSTEM32\kernel.appcore.dll
0x00007ffa65ac0000 - 0x00007ffa65ad0000 	D:\soft\Java\jdk1.8.0_281\jre\bin\verify.dll
0x00007ffa64200000 - 0x00007ffa6422b000 	D:\soft\Java\jdk1.8.0_281\jre\bin\java.dll
0x00007ffa60ff0000 - 0x00007ffa61020000 	D:\soft\Java\jdk1.8.0_281\jre\bin\instrument.dll
0x00007ffa65aa0000 - 0x00007ffa65ab8000 	D:\soft\Java\jdk1.8.0_281\jre\bin\zip.dll
0x00007ffa77700000 - 0x00007ffa77e95000 	C:\WINDOWS\System32\SHELL32.dll
0x00007ffa74370000 - 0x00007ffa74bce000 	C:\WINDOWS\SYSTEM32\windows.storage.dll
0x00007ffa76fc0000 - 0x00007ffa77336000 	C:\WINDOWS\System32\combase.dll
0x00007ffa74200000 - 0x00007ffa74366000 	C:\WINDOWS\SYSTEM32\wintypes.dll
0x00007ffa784a0000 - 0x00007ffa7858a000 	C:\WINDOWS\System32\SHCORE.dll
0x00007ffa78080000 - 0x00007ffa780dd000 	C:\WINDOWS\System32\shlwapi.dll
0x00007ffa76120000 - 0x00007ffa76141000 	C:\WINDOWS\SYSTEM32\profapi.dll
0x00007ffa638c0000 - 0x00007ffa638da000 	D:\soft\IntelliJ IDEA 2019.2.3\bin\breakgen64.dll
0x00007ffa61080000 - 0x00007ffa6109c000 	D:\soft\Java\jdk1.8.0_281\jre\bin\net.dll
0x00007ffa75730000 - 0x00007ffa75797000 	C:\WINDOWS\system32\mswsock.dll
0x00007ffa47690000 - 0x00007ffa476b6000 	D:\soft\Java\jdk1.8.0_281\bin\ConsoleApplication5.dll
0x00007ffa47660000 - 0x00007ffa4768b000 	C:\WINDOWS\SYSTEM32\VCRUNTIME140D.dll
0x00007ffa28210000 - 0x00007ffa283d7000 	C:\WINDOWS\SYSTEM32\ucrtbased.dll
0x00007ffa63300000 - 0x00007ffa63521000 	C:\WINDOWS\SYSTEM32\dbghelp.dll
0x00007ffa762c0000 - 0x00007ffa76340000 	C:\WINDOWS\System32\bcryptPrimitives.dll

VM Arguments:
jvm_args: -javaagent:D:\soft\IntelliJ IDEA 2019.2.3\lib\idea_rt.jar=65045:D:\soft\IntelliJ IDEA 2019.2.3\bin -Dfile.encoding=UTF-8 
java_command: com.test.pa.TestNative
java_class_path (initial): D:\soft\Java\jdk1.8.0_281\jre\lib\charsets.jar;D:\soft\Java\jdk1.8.0_281\jre\lib\deploy.jar;D:\soft\Java\jdk1.8.0_281\jre\lib\ext\access-bridge-64.jar;D:\soft\Java\jdk1.8.0_281\jre\lib\ext\cldrdata.jar;D:\soft\Java\jdk1.8.0_281\jre\lib\ext\dnsns.jar;D:\soft\Java\jdk1.8.0_281\jre\lib\ext\jaccess.jar;D:\soft\Java\jdk1.8.0_281\jre\lib\ext\jfxrt.jar;D:\soft\Java\jdk1.8.0_281\jre\lib\ext\localedata.jar;D:\soft\Java\jdk1.8.0_281\jre\lib\ext\nashorn.jar;D:\soft\Java\jdk1.8.0_281\jre\lib\ext\sunec.jar;D:\soft\Java\jdk1.8.0_281\jre\lib\ext\sunjce_provider.jar;D:\soft\Java\jdk1.8.0_281\jre\lib\ext\sunmscapi.jar;D:\soft\Java\jdk1.8.0_281\jre\lib\ext\sunpkcs11.jar;D:\soft\Java\jdk1.8.0_281\jre\lib\ext\zipfs.jar;D:\soft\Java\jdk1.8.0_281\jre\lib\javaws.jar;D:\soft\Java\jdk1.8.0_281\jre\lib\jce.jar;D:\soft\Java\jdk1.8.0_281\jre\lib\jfr.jar;D:\soft\Java\jdk1.8.0_281\jre\lib\jfxswt.jar;D:\soft\Java\jdk1.8.0_281\jre\lib\jsse.jar;D:\soft\Java\jdk1.8.0_281\jre\lib\management-agent.jar;D:\soft\Java\jdk1.8.0_281\jre\lib\plugin.jar;D:\soft\Java\jdk1.8.0_281\jre\lib\resources.jar;D:\soft\Java\jdk1.8.0_281\jre\lib\rt.jar;D:\code\pa\target\classes;D:\soft\apache-maven-3.6.3-bin\repository\org\springframework\boot\spring-boot-starter\2.4.5\spring-boot-starter-2.4.5.jar;D:\soft\apache-maven-3.6.3-bin\repository\org\springframework\boot\spring-boot\2.4.5\spring-boot-2.4.5.jar;D:\soft\apache-maven-3.6.3-bin\repository\org\springframework\spring-context\5.3.6\spring-context-5.3.6.jar;D:\soft\apache-maven-3.6.3-bin\repository\org\springframework\boot\spring-boot-autoconfigure\2.4.5\spring-boot-autoconfigure-2.4.5.jar;D:\soft\apache-maven-3.6.3-bin\repository\org\springframework\boot\spring-boot-starter-logging\2.4.5\spring-boot-starter-logging-2.4.5.jar;D:\soft\apache-maven-3.6.3-bin\repository\ch\qos\logback\logback-classic\1.2.3\logback-classic-1.2.3.jar;D:\soft\apache-maven-3.6.3-bin\repository\ch\qos\logback\logback-core\1.2.3\logback-core-1.2.3.jar;D:\soft\apache
Launcher Type: SUN_STANDARD

Environment Variables:
PATH=D:\soft\VMware\VMware Workstation\bin\;C:\WINDOWS\system32;C:\WINDOWS;C:\WINDOWS\System32\Wbem;C:\WINDOWS\System32\WindowsPowerShell\v1.0\;C:\WINDOWS\System32\OpenSSH\;D:\soft\Git\cmd;D:\soft\Java\jdk1.8.0_281\bin;D:\soft\erl-24.0\bin;D:\soft\GnuWin32\GnuWin32\bin;D:\soft\cmake\bin;D:\soft\OpenSSL-Win32\bin;D:\soft\vc6\Tools\WinNT;D:\soft\vc6\MSDev98\Bin;D:\soft\vc6\Tools;D:\soft\VC98\bin;C:\Users\user\AppData\Local\Microsoft\WindowsApps;;D:\soft\Fiddler;%USERPROFILE%\AppData\Local\Microsoft\WindowsApps
USERNAME=user
OS=Windows_NT
PROCESSOR_IDENTIFIER=Intel64 Family 6 Model 158 Stepping 10, GenuineIntel



---------------  S Y S T E M  ---------------

OS: Windows 10.0 , 64 bit Build 22000 (10.0.22000.37)

CPU:total 6 (initial active 6) (6 cores per cpu, 1 threads per core) family 6 model 158 stepping 10, cmov, cx8, fxsr, mmx, sse, sse2, sse3, ssse3, sse4.1, sse4.2, popcnt, avx, avx2, aes, clmul, erms, rtm, 3dnowpref, lzcnt, tsc, tscinvbit, bmi1, bmi2, adx

Memory: 4k page, physical 16629220k(4545880k free), swap 30260708k(9895780k free)

vm_info: Java HotSpot(TM) 64-Bit Server VM (25.281-b09) for windows-amd64 JRE (1.8.0_281-b09), built on Dec  9 2020 13:54:07 by "" with MS VC++ 15.9 (VS2017)

time: Mon Aug  2 19:03:13 2021
timezone: 中国标准时间
elapsed time: 0.295319 seconds (0d 0h 0m 0s)

